E:\RTMP_REFERENCE\RTMPENCODER\RTMPENCODER\DEBUG\RTMPENCODER.EXE
E:\RTMP_REFERENCE\RTMPENCODER\RTMPENCODER\DEBUG\RTMPENCODER.ILK
E:\RTMP_REFERENCE\RTMPENCODER\RTMPENCODER\DEBUG\RTMPENCODER.PDB
E:\RTMP_REFERENCE\RTMPENCODER\RTMPENCODER\RTMPENCODER\DEBUG\CENCODER.OBJ
E:\Rtmp_Reference\RtmpEncoder\RtmpEncoder\RtmpEncoder\Debug\cl.command.1.tlog
E:\Rtmp_Reference\RtmpEncoder\RtmpEncoder\RtmpEncoder\Debug\CL.read.1.tlog
E:\Rtmp_Reference\RtmpEncoder\RtmpEncoder\RtmpEncoder\Debug\CL.write.1.tlog
E:\RTMP_REFERENCE\RTMPENCODER\RTMPENCODER\RTMPENCODER\DEBUG\COMMON.OBJ
E:\RTMP_REFERENCE\RTMPENCODER\RTMPENCODER\RTMPENCODER\DEBUG\CRTMPSTREAM.OBJ
E:\Rtmp_Reference\RtmpEncoder\RtmpEncoder\RtmpEncoder\Debug\link.7928.read.1.tlog
E:\Rtmp_Reference\RtmpEncoder\RtmpEncoder\RtmpEncoder\Debug\link.7928.write.1.tlog
E:\Rtmp_Reference\RtmpEncoder\RtmpEncoder\RtmpEncoder\Debug\link.7928-cvtres.read.1.tlog
E:\Rtmp_Reference\RtmpEncoder\RtmpEncoder\RtmpEncoder\Debug\link.7928-cvtres.write.1.tlog
E:\Rtmp_Reference\RtmpEncoder\RtmpEncoder\RtmpEncoder\Debug\link.8112.read.1.tlog
E:\Rtmp_Reference\RtmpEncoder\RtmpEncoder\RtmpEncoder\Debug\link.8112.write.1.tlog
E:\Rtmp_Reference\RtmpEncoder\RtmpEncoder\RtmpEncoder\Debug\link.8112-cvtres.read.1.tlog
E:\Rtmp_Reference\RtmpEncoder\RtmpEncoder\RtmpEncoder\Debug\link.8112-cvtres.write.1.tlog
E:\Rtmp_Reference\RtmpEncoder\RtmpEncoder\RtmpEncoder\Debug\link.command.1.tlog
E:\Rtmp_Reference\RtmpEncoder\RtmpEncoder\RtmpEncoder\Debug\link.read.1.tlog
E:\Rtmp_Reference\RtmpEncoder\RtmpEncoder\RtmpEncoder\Debug\link.write.1.tlog
E:\Rtmp_Reference\RtmpEncoder\RtmpEncoder\RtmpEncoder\Debug\mt.command.1.tlog
E:\Rtmp_Reference\RtmpEncoder\RtmpEncoder\RtmpEncoder\Debug\mt.read.1.tlog
E:\Rtmp_Reference\RtmpEncoder\RtmpEncoder\RtmpEncoder\Debug\mt.write.1.tlog
E:\Rtmp_Reference\RtmpEncoder\RtmpEncoder\RtmpEncoder\Debug\rc.command.1.tlog
E:\Rtmp_Reference\RtmpEncoder\RtmpEncoder\RtmpEncoder\Debug\rc.read.1.tlog
E:\Rtmp_Reference\RtmpEncoder\RtmpEncoder\RtmpEncoder\Debug\rc.write.1.tlog
E:\RTMP_REFERENCE\RTMPENCODER\RTMPENCODER\RTMPENCODER\DEBUG\RTMPENCODER.EXE.EMBED.MANIFEST
E:\RTMP_REFERENCE\RTMPENCODER\RTMPENCODER\RTMPENCODER\DEBUG\RTMPENCODER.EXE.EMBED.MANIFEST.RES
E:\RTMP_REFERENCE\RTMPENCODER\RTMPENCODER\RTMPENCODER\DEBUG\RTMPENCODER.EXE.INTERMEDIATE.MANIFEST
E:\RTMP_REFERENCE\RTMPENCODER\RTMPENCODER\RTMPENCODER\DEBUG\RTMPENCODER.OBJ
E:\RTMP_REFERENCE\RTMPENCODER\RTMPENCODER\RTMPENCODER\DEBUG\RTMPENCODER.PCH
E:\Rtmp_Reference\RtmpEncoder\RtmpEncoder\RtmpEncoder\Debug\RtmpEncoder_manifest.rc
E:\RTMP_REFERENCE\RTMPENCODER\RTMPENCODER\RTMPENCODER\DEBUG\STDAFX.OBJ
E:\RTMP_REFERENCE\RTMPENCODER\RTMPENCODER\RTMPENCODER\DEBUG\USBCAMERA.OBJ
E:\Rtmp_Reference\RtmpEncoder\RtmpEncoder\RtmpEncoder\Debug\vc100.idb
E:\RTMP_REFERENCE\RTMPENCODER\RTMPENCODER\RTMPENCODER\DEBUG\VC100.PDB
